2025-11-28 14:30:39 - lotto_predictor - INFO - [prediccionNumero.py:706] - Ejecutando Random Forest Optimizado
2025-11-28 14:30:40 - lotto_predictor - INFO - [prediccionNumero.py:522] - Iniciando entrenamiento con optimización para rf
2025-11-28 14:30:40 - lotto_predictor - INFO - [prediccionNumero.py:445] - Iniciando optimización de Random Forest...
2025-11-28 14:30:55 - lotto_predictor - INFO - [prediccionNumero.py:472] - Mejores parámetros RF: {'classifier__n_estimators': 150, 'classifier__min_samples_split': 2, 'classifier__min_samples_leaf': 2, 'classifier__max_features': None, 'classifier__max_depth': 20}
2025-11-28 14:30:55 - lotto_predictor - INFO - [prediccionNumero.py:473] - Mejor score RF: 0.1901
2025-11-28 14:30:56 - lotto_predictor - INFO - [prediccionNumero.py:553] - Fold 1: Accuracy = 15.09%, Top-3 = 9.67%
2025-11-28 14:30:56 - lotto_predictor - INFO - [prediccionNumero.py:553] - Fold 2: Accuracy = 16.25%, Top-3 = 7.93%
2025-11-28 14:30:56 - lotto_predictor - INFO - [prediccionNumero.py:553] - Fold 3: Accuracy = 14.70%, Top-3 = 11.03%
2025-11-28 14:30:56 - lotto_predictor - INFO - [prediccionNumero.py:553] - Fold 4: Accuracy = 17.21%, Top-3 = 10.06%
2025-11-28 14:30:56 - lotto_predictor - INFO - [prediccionNumero.py:553] - Fold 5: Accuracy = 14.51%, Top-3 = 10.83%
2025-11-28 14:30:56 - lotto_predictor - INFO - [prediccionNumero.py:565] - Entrenamiento completado: 15.55% accuracy, 9.90% top-3
2025-11-28 14:30:56 - lotto_predictor - ERROR - [prediccionNumero.py:737] - Error en Random Forest optimizado: 'Hora_Sorteo'
2025-11-28 14:33:24 - lotto_predictor - INFO - [prediccionNumero.py:744] - Ejecutando XGBoost Optimizado
2025-11-28 14:33:24 - lotto_predictor - INFO - [prediccionNumero.py:522] - Iniciando entrenamiento con optimización para xgb
2025-11-28 14:33:24 - lotto_predictor - INFO - [prediccionNumero.py:479] - Iniciando optimización de XGBoost...
2025-11-28 14:33:24 - lotto_predictor - ERROR - [prediccionNumero.py:775] - Error en XGBoost optimizado: 
All the 45 fits failed.
It is very likely that your model is misconfigured.
You can try to debug the error by setting error_score='raise'.

Below are more details about the failures:
--------------------------------------------------------------------------------
45 fits failed with the following error:
Traceback (most recent call last):
  File "D:\Python\Lib\site-packages\sklearn\model_selection\_validation.py", line 866, in _fit_and_score
    estimator.fit(X_train, y_train, **fit_params)
    ~~~~~~~~~~~~~^^^^^^^^^^^^^^^^^^^^^^^^^^^^^^^^
  File "D:\Python\Lib\site-packages\sklearn\base.py", line 1389, in wrapper
    return fit_method(estimator, *args, **kwargs)
  File "D:\Python\Lib\site-packages\sklearn\pipeline.py", line 662, in fit
    self._final_estimator.fit(Xt, y, **last_step_params["fit"])
    ~~~~~~~~~~~~~~~~~~~~~~~~~^^^^^^^^^^^^^^^^^^^^^^^^^^^^^^^^^^
  File "D:\Python\Lib\site-packages\xgboost\core.py", line 774, in inner_f
    return func(**kwargs)
  File "D:\Python\Lib\site-packages\xgboost\sklearn.py", line 1761, in fit
    raise ValueError(
    ...<2 lines>...
    )
ValueError: Invalid classes inferred from unique values of `y`.  Expected: [ 0  1  2  3  4  5  6  7  8  9 10 11 12 13 14 15 16 17 18 19 20 21 22 23
 24 25 26 27 28 29 30 31], got [ 2  3  4  5  7  8  9 10 11 12 13 15 16 17 18 19 20 21 23 24 25 26 27 28
 29 30 32 33 34 35 36 37]

2025-11-28 14:36:28 - lotto_predictor - INFO - [prediccionNumero.py:727] - Ejecutando Random Forest Optimizado
2025-11-28 14:36:28 - lotto_predictor - INFO - [prediccionNumero.py:543] - Iniciando entrenamiento con optimización para rf
2025-11-28 14:36:28 - lotto_predictor - INFO - [prediccionNumero.py:466] - Iniciando optimización de Random Forest...
2025-11-28 14:36:43 - lotto_predictor - INFO - [prediccionNumero.py:493] - Mejores parámetros RF: {'classifier__n_estimators': 150, 'classifier__min_samples_split': 2, 'classifier__min_samples_leaf': 2, 'classifier__max_features': None, 'classifier__max_depth': 20}
2025-11-28 14:36:43 - lotto_predictor - INFO - [prediccionNumero.py:494] - Mejor score RF: 0.1901
2025-11-28 14:36:44 - lotto_predictor - INFO - [prediccionNumero.py:574] - Fold 1: Accuracy = 15.09%, Top-3 = 9.67%
2025-11-28 14:36:44 - lotto_predictor - INFO - [prediccionNumero.py:574] - Fold 2: Accuracy = 16.25%, Top-3 = 7.93%
2025-11-28 14:36:44 - lotto_predictor - INFO - [prediccionNumero.py:574] - Fold 3: Accuracy = 14.70%, Top-3 = 11.03%
2025-11-28 14:36:44 - lotto_predictor - INFO - [prediccionNumero.py:574] - Fold 4: Accuracy = 17.21%, Top-3 = 10.06%
2025-11-28 14:36:44 - lotto_predictor - INFO - [prediccionNumero.py:574] - Fold 5: Accuracy = 14.51%, Top-3 = 10.83%
2025-11-28 14:36:44 - lotto_predictor - INFO - [prediccionNumero.py:586] - Entrenamiento completado: 15.55% accuracy, 9.90% top-3
2025-11-28 14:36:45 - lotto_predictor - INFO - [prediccionNumero.py:627] - Modelo guardado en: modelos/random_forest_20251128_143644
2025-11-28 14:38:58 - lotto_predictor - INFO - [prediccionNumero.py:642] - Modelo cargado desde: modelos\random_forest_20251128_143644
2025-11-28 14:45:17 - lotto_predictor - INFO - [prediccionNumero.py:724] - Ejecutando Random Forest Optimizado
2025-11-28 14:45:17 - lotto_predictor - INFO - [prediccionNumero.py:540] - Iniciando entrenamiento con optimización para rf
2025-11-28 14:45:17 - lotto_predictor - INFO - [prediccionNumero.py:463] - Iniciando optimización de Random Forest...
2025-11-28 14:45:26 - lotto_predictor - INFO - [prediccionNumero.py:490] - Mejores parámetros RF: {'classifier__n_estimators': 150, 'classifier__min_samples_split': 2, 'classifier__min_samples_leaf': 2, 'classifier__max_features': None, 'classifier__max_depth': 20}
2025-11-28 14:45:26 - lotto_predictor - INFO - [prediccionNumero.py:491] - Mejor score RF: 0.3204
2025-11-28 14:45:26 - lotto_predictor - INFO - [prediccionNumero.py:571] - Fold 1: Accuracy = 20.12%, Top-3 = 8.32%
2025-11-28 14:45:27 - lotto_predictor - INFO - [prediccionNumero.py:571] - Fold 2: Accuracy = 19.73%, Top-3 = 6.77%
2025-11-28 14:45:27 - lotto_predictor - INFO - [prediccionNumero.py:571] - Fold 3: Accuracy = 22.82%, Top-3 = 10.44%
2025-11-28 14:45:27 - lotto_predictor - INFO - [prediccionNumero.py:571] - Fold 4: Accuracy = 19.92%, Top-3 = 8.51%
2025-11-28 14:45:27 - lotto_predictor - INFO - [prediccionNumero.py:571] - Fold 5: Accuracy = 19.34%, Top-3 = 6.96%
2025-11-28 14:45:27 - lotto_predictor - INFO - [prediccionNumero.py:583] - Entrenamiento completado: 20.39% accuracy, 8.20% top-3
2025-11-28 14:45:27 - lotto_predictor - INFO - [prediccionNumero.py:624] - Modelo guardado en: modelos/random_forest_20251128_144527
2025-11-28 14:48:03 - lotto_predictor - INFO - [prediccionNumero.py:762] - Ejecutando XGBoost Optimizado
2025-11-28 14:48:03 - lotto_predictor - INFO - [prediccionNumero.py:540] - Iniciando entrenamiento con optimización para xgb
2025-11-28 14:48:03 - lotto_predictor - INFO - [prediccionNumero.py:497] - Iniciando optimización de XGBoost...
2025-11-28 14:48:03 - lotto_predictor - ERROR - [prediccionNumero.py:793] - Error en XGBoost optimizado: 
All the 45 fits failed.
It is very likely that your model is misconfigured.
You can try to debug the error by setting error_score='raise'.

Below are more details about the failures:
--------------------------------------------------------------------------------
45 fits failed with the following error:
Traceback (most recent call last):
  File "D:\Python\Lib\site-packages\sklearn\model_selection\_validation.py", line 866, in _fit_and_score
    estimator.fit(X_train, y_train, **fit_params)
    ~~~~~~~~~~~~~^^^^^^^^^^^^^^^^^^^^^^^^^^^^^^^^
  File "D:\Python\Lib\site-packages\sklearn\base.py", line 1389, in wrapper
    return fit_method(estimator, *args, **kwargs)
  File "D:\Python\Lib\site-packages\sklearn\pipeline.py", line 662, in fit
    self._final_estimator.fit(Xt, y, **last_step_params["fit"])
    ~~~~~~~~~~~~~~~~~~~~~~~~~^^^^^^^^^^^^^^^^^^^^^^^^^^^^^^^^^^
  File "D:\Python\Lib\site-packages\xgboost\core.py", line 774, in inner_f
    return func(**kwargs)
  File "D:\Python\Lib\site-packages\xgboost\sklearn.py", line 1761, in fit
    raise ValueError(
    ...<2 lines>...
    )
ValueError: Invalid classes inferred from unique values of `y`.  Expected: [ 0  1  2  3  4  5  6  7  8  9 10 11 12 13 14 15 16 17 18 19 20 21 22 23
 24 25 26 27 28 29 30 31], got [ 2  3  4  5  7  8  9 10 11 12 13 15 16 17 18 19 20 21 23 24 25 26 27 28
 29 30 32 33 34 35 36 37]

2025-11-28 14:51:38 - lotto_predictor - INFO - [prediccionNumero.py:762] - Ejecutando XGBoost Optimizado
2025-11-28 14:51:38 - lotto_predictor - INFO - [prediccionNumero.py:540] - Iniciando entrenamiento con optimización para xgb
2025-11-28 14:51:38 - lotto_predictor - INFO - [prediccionNumero.py:497] - Iniciando optimización de XGBoost...
2025-11-28 14:51:38 - lotto_predictor - ERROR - [prediccionNumero.py:793] - Error en XGBoost optimizado: 
All the 45 fits failed.
It is very likely that your model is misconfigured.
You can try to debug the error by setting error_score='raise'.

Below are more details about the failures:
--------------------------------------------------------------------------------
45 fits failed with the following error:
Traceback (most recent call last):
  File "D:\Python\Lib\site-packages\sklearn\model_selection\_validation.py", line 866, in _fit_and_score
    estimator.fit(X_train, y_train, **fit_params)
    ~~~~~~~~~~~~~^^^^^^^^^^^^^^^^^^^^^^^^^^^^^^^^
  File "D:\Python\Lib\site-packages\sklearn\base.py", line 1389, in wrapper
    return fit_method(estimator, *args, **kwargs)
  File "D:\Python\Lib\site-packages\sklearn\pipeline.py", line 662, in fit
    self._final_estimator.fit(Xt, y, **last_step_params["fit"])
    ~~~~~~~~~~~~~~~~~~~~~~~~~^^^^^^^^^^^^^^^^^^^^^^^^^^^^^^^^^^
  File "D:\Python\Lib\site-packages\xgboost\core.py", line 774, in inner_f
    return func(**kwargs)
  File "D:\Python\Lib\site-packages\xgboost\sklearn.py", line 1761, in fit
    raise ValueError(
    ...<2 lines>...
    )
ValueError: Invalid classes inferred from unique values of `y`.  Expected: [ 0  1  2  3  4  5  6  7  8  9 10 11 12 13 14 15 16 17 18 19 20 21 22 23
 24 25 26 27 28 29 30 31], got [ 2  3  4  5  7  8  9 10 11 12 13 15 16 17 18 19 20 21 23 24 25 26 27 28
 29 30 32 33 34 35 36 37]

2025-11-28 14:55:32 - lotto_predictor - INFO - [prediccionNumero.py:773] - Ejecutando XGBoost Optimizado
2025-11-28 14:55:32 - lotto_predictor - INFO - [prediccionNumero.py:551] - Iniciando entrenamiento con optimización para xgb
2025-11-28 14:55:32 - lotto_predictor - INFO - [prediccionNumero.py:508] - Iniciando optimización de XGBoost...
2025-11-28 14:55:57 - lotto_predictor - INFO - [prediccionNumero.py:542] - Mejores parámetros XGB: {'classifier__subsample': 0.8, 'classifier__n_estimators': 100, 'classifier__max_depth': 9, 'classifier__learning_rate': 0.2, 'classifier__gamma': 0.1, 'classifier__colsample_bytree': 0.9}
2025-11-28 14:55:57 - lotto_predictor - INFO - [prediccionNumero.py:543] - Mejor score XGB: 0.2498
2025-11-28 14:55:58 - lotto_predictor - INFO - [prediccionNumero.py:582] - Fold 1: Accuracy = 16.94%, Top-3 = 30.00%
2025-11-28 14:55:58 - lotto_predictor - INFO - [prediccionNumero.py:582] - Fold 2: Accuracy = 16.77%, Top-3 = 30.65%
2025-11-28 14:55:58 - lotto_predictor - INFO - [prediccionNumero.py:582] - Fold 3: Accuracy = 17.10%, Top-3 = 30.32%
2025-11-28 14:55:58 - lotto_predictor - INFO - [prediccionNumero.py:582] - Fold 4: Accuracy = 16.61%, Top-3 = 31.45%
2025-11-28 14:55:58 - lotto_predictor - INFO - [prediccionNumero.py:582] - Fold 5: Accuracy = 15.00%, Top-3 = 29.35%
2025-11-28 14:55:58 - lotto_predictor - INFO - [prediccionNumero.py:594] - Entrenamiento completado: 16.48% accuracy, 30.35% top-3
2025-11-28 14:55:58 - lotto_predictor - INFO - [prediccionNumero.py:635] - Modelo guardado en: modelos/xgboost_20251128_145558
2025-11-28 15:01:11 - lotto_predictor - INFO - [prediccionNumero.py:650] - Modelo cargado desde: modelos\xgboost_20251128_145558
2025-11-28 15:03:57 - lotto_predictor - INFO - [prediccionNumero.py:650] - Modelo cargado desde: modelos\xgboost_20251128_145558
2025-11-28 15:07:06 - lotto_predictor - INFO - [prediccionNumero.py:650] - Modelo cargado desde: modelos\random_forest_20251128_144527
2025-11-28 15:07:22 - lotto_predictor - INFO - [prediccionNumero.py:650] - Modelo cargado desde: modelos\xgboost_20251128_145558
2025-11-28 15:15:02 - lotto_predictor - INFO - [prediccionNumero.py:1236] - Nuevo sorteo ingresado y características actualizadas
2025-11-28 15:15:45 - lotto_predictor - INFO - [prediccionNumero.py:1236] - Nuevo sorteo ingresado y características actualizadas
2025-11-28 15:16:43 - lotto_predictor - INFO - [prediccionNumero.py:1236] - Nuevo sorteo ingresado y características actualizadas
2025-11-28 15:17:27 - lotto_predictor - INFO - [prediccionNumero.py:1236] - Nuevo sorteo ingresado y características actualizadas
2025-11-28 15:17:50 - lotto_predictor - INFO - [prediccionNumero.py:1236] - Nuevo sorteo ingresado y características actualizadas
2025-11-28 15:18:04 - lotto_predictor - INFO - [prediccionNumero.py:1236] - Nuevo sorteo ingresado y características actualizadas
2025-11-28 15:18:26 - lotto_predictor - INFO - [prediccionNumero.py:1236] - Nuevo sorteo ingresado y características actualizadas
2025-11-28 15:18:44 - lotto_predictor - INFO - [prediccionNumero.py:1236] - Nuevo sorteo ingresado y características actualizadas
2025-11-28 15:18:52 - lotto_predictor - INFO - [prediccionNumero.py:736] - Ejecutando Random Forest Optimizado
2025-11-28 15:18:52 - lotto_predictor - INFO - [prediccionNumero.py:552] - Iniciando entrenamiento con optimización para rf
2025-11-28 15:18:52 - lotto_predictor - INFO - [prediccionNumero.py:475] - Iniciando optimización de Random Forest...
2025-11-28 15:19:02 - lotto_predictor - INFO - [prediccionNumero.py:502] - Mejores parámetros RF: {'classifier__n_estimators': 150, 'classifier__min_samples_split': 2, 'classifier__min_samples_leaf': 2, 'classifier__max_features': None, 'classifier__max_depth': 20}
2025-11-28 15:19:02 - lotto_predictor - INFO - [prediccionNumero.py:503] - Mejor score RF: 0.3240
2025-11-28 15:19:03 - lotto_predictor - INFO - [prediccionNumero.py:583] - Fold 1: Accuracy = 18.52%, Top-3 = 38.00%
2025-11-28 15:19:03 - lotto_predictor - INFO - [prediccionNumero.py:583] - Fold 2: Accuracy = 18.68%, Top-3 = 41.22%
2025-11-28 15:19:03 - lotto_predictor - INFO - [prediccionNumero.py:583] - Fold 3: Accuracy = 20.61%, Top-3 = 39.94%
2025-11-28 15:19:03 - lotto_predictor - INFO - [prediccionNumero.py:583] - Fold 4: Accuracy = 18.04%, Top-3 = 38.81%
2025-11-28 15:19:03 - lotto_predictor - INFO - [prediccionNumero.py:583] - Fold 5: Accuracy = 17.71%, Top-3 = 38.97%
2025-11-28 15:19:03 - lotto_predictor - INFO - [prediccionNumero.py:595] - Entrenamiento completado: 18.71% accuracy, 39.39% top-3
2025-11-28 15:19:04 - lotto_predictor - INFO - [prediccionNumero.py:636] - Modelo guardado en: modelos/random_forest_20251128_151904
2025-11-28 15:19:25 - lotto_predictor - INFO - [prediccionNumero.py:774] - Ejecutando XGBoost Optimizado
2025-11-28 15:19:25 - lotto_predictor - INFO - [prediccionNumero.py:552] - Iniciando entrenamiento con optimización para xgb
2025-11-28 15:19:25 - lotto_predictor - INFO - [prediccionNumero.py:509] - Iniciando optimización de XGBoost...
2025-11-28 15:19:48 - lotto_predictor - INFO - [prediccionNumero.py:543] - Mejores parámetros XGB: {'classifier__subsample': 0.8, 'classifier__n_estimators': 100, 'classifier__max_depth': 9, 'classifier__learning_rate': 0.2, 'classifier__gamma': 0.1, 'classifier__colsample_bytree': 0.9}
2025-11-28 15:19:48 - lotto_predictor - INFO - [prediccionNumero.py:544] - Mejor score XGB: 0.2504
2025-11-28 15:19:49 - lotto_predictor - INFO - [prediccionNumero.py:583] - Fold 1: Accuracy = 17.23%, Top-3 = 29.63%
2025-11-28 15:19:49 - lotto_predictor - INFO - [prediccionNumero.py:583] - Fold 2: Accuracy = 17.07%, Top-3 = 31.56%
2025-11-28 15:19:49 - lotto_predictor - INFO - [prediccionNumero.py:583] - Fold 3: Accuracy = 17.07%, Top-3 = 30.27%
2025-11-28 15:19:49 - lotto_predictor - INFO - [prediccionNumero.py:583] - Fold 4: Accuracy = 16.43%, Top-3 = 30.11%
2025-11-28 15:19:49 - lotto_predictor - INFO - [prediccionNumero.py:583] - Fold 5: Accuracy = 15.46%, Top-3 = 29.31%
2025-11-28 15:19:49 - lotto_predictor - INFO - [prediccionNumero.py:595] - Entrenamiento completado: 16.65% accuracy, 30.18% top-3
2025-11-28 15:19:49 - lotto_predictor - INFO - [prediccionNumero.py:636] - Modelo guardado en: modelos/xgboost_20251128_151949
2025-11-28 15:27:54 - lotto_predictor - INFO - [prediccionNumero.py:736] - Ejecutando Random Forest Optimizado
2025-11-28 15:27:54 - lotto_predictor - INFO - [prediccionNumero.py:552] - Iniciando entrenamiento con optimización para rf
2025-11-28 15:27:54 - lotto_predictor - INFO - [prediccionNumero.py:475] - Iniciando optimización de Random Forest...
2025-11-28 15:28:04 - lotto_predictor - INFO - [prediccionNumero.py:502] - Mejores parámetros RF: {'classifier__n_estimators': 150, 'classifier__min_samples_split': 2, 'classifier__min_samples_leaf': 2, 'classifier__max_features': None, 'classifier__max_depth': 20}
2025-11-28 15:28:04 - lotto_predictor - INFO - [prediccionNumero.py:503] - Mejor score RF: 0.3222
2025-11-28 15:28:04 - lotto_predictor - INFO - [prediccionNumero.py:583] - Fold 1: Accuracy = 18.39%, Top-3 = 37.10%
2025-11-28 15:28:04 - lotto_predictor - INFO - [prediccionNumero.py:583] - Fold 2: Accuracy = 17.74%, Top-3 = 40.00%
2025-11-28 15:28:04 - lotto_predictor - INFO - [prediccionNumero.py:583] - Fold 3: Accuracy = 19.35%, Top-3 = 39.68%
2025-11-28 15:28:04 - lotto_predictor - INFO - [prediccionNumero.py:583] - Fold 4: Accuracy = 18.06%, Top-3 = 40.65%
2025-11-28 15:28:04 - lotto_predictor - INFO - [prediccionNumero.py:583] - Fold 5: Accuracy = 17.58%, Top-3 = 39.03%
2025-11-28 15:28:04 - lotto_predictor - INFO - [prediccionNumero.py:595] - Entrenamiento completado: 18.23% accuracy, 39.29% top-3
2025-11-28 15:28:05 - lotto_predictor - INFO - [prediccionNumero.py:636] - Modelo guardado en: modelos/random_forest_20251128_152805
2025-11-28 15:28:08 - lotto_predictor - INFO - [prediccionNumero.py:774] - Ejecutando XGBoost Optimizado
2025-11-28 15:28:08 - lotto_predictor - INFO - [prediccionNumero.py:552] - Iniciando entrenamiento con optimización para xgb
2025-11-28 15:28:08 - lotto_predictor - INFO - [prediccionNumero.py:509] - Iniciando optimización de XGBoost...
2025-11-28 15:28:31 - lotto_predictor - INFO - [prediccionNumero.py:543] - Mejores parámetros XGB: {'classifier__subsample': 0.9, 'classifier__n_estimators': 200, 'classifier__max_depth': 9, 'classifier__learning_rate': 0.2, 'classifier__gamma': 0.2, 'classifier__colsample_bytree': 0.9}
2025-11-28 15:28:31 - lotto_predictor - INFO - [prediccionNumero.py:544] - Mejor score XGB: 0.2513
2025-11-28 15:28:31 - lotto_predictor - INFO - [prediccionNumero.py:583] - Fold 1: Accuracy = 16.13%, Top-3 = 29.35%
2025-11-28 15:28:31 - lotto_predictor - INFO - [prediccionNumero.py:583] - Fold 2: Accuracy = 16.13%, Top-3 = 31.13%
2025-11-28 15:28:31 - lotto_predictor - INFO - [prediccionNumero.py:583] - Fold 3: Accuracy = 16.29%, Top-3 = 31.29%
2025-11-28 15:28:31 - lotto_predictor - INFO - [prediccionNumero.py:583] - Fold 4: Accuracy = 16.13%, Top-3 = 29.84%
2025-11-28 15:28:31 - lotto_predictor - INFO - [prediccionNumero.py:583] - Fold 5: Accuracy = 14.19%, Top-3 = 29.52%
2025-11-28 15:28:31 - lotto_predictor - INFO - [prediccionNumero.py:595] - Entrenamiento completado: 15.77% accuracy, 30.23% top-3
2025-11-28 15:28:32 - lotto_predictor - INFO - [prediccionNumero.py:636] - Modelo guardado en: modelos/xgboost_20251128_152832
2025-11-28 15:28:39 - lotto_predictor - INFO - [prediccionNumero.py:651] - Modelo cargado desde: modelos\random_forest_20251128_152805
2025-11-28 15:31:38 - lotto_predictor - INFO - [prediccionNumero.py:651] - Modelo cargado desde: modelos\xgboost_20251128_152832
2025-11-28 15:35:39 - lotto_predictor - INFO - [prediccionNumero.py:651] - Modelo cargado desde: modelos\random_forest_20251128_152805
2025-11-28 15:36:49 - lotto_predictor - INFO - [prediccionNumero.py:651] - Modelo cargado desde: modelos\xgboost_20251128_152832
2025-11-29 10:14:14 - lotto_predictor - INFO - [prediccionNumero.py:736] - Ejecutando Random Forest Optimizado
2025-11-29 10:14:14 - lotto_predictor - INFO - [prediccionNumero.py:552] - Iniciando entrenamiento con optimización para rf
2025-11-29 10:14:14 - lotto_predictor - INFO - [prediccionNumero.py:475] - Iniciando optimización de Random Forest...
2025-11-29 10:14:26 - lotto_predictor - INFO - [prediccionNumero.py:502] - Mejores parámetros RF: {'classifier__n_estimators': 150, 'classifier__min_samples_split': 2, 'classifier__min_samples_leaf': 2, 'classifier__max_features': None, 'classifier__max_depth': 20}
2025-11-29 10:14:26 - lotto_predictor - INFO - [prediccionNumero.py:503] - Mejor score RF: 0.3240
2025-11-29 10:14:27 - lotto_predictor - INFO - [prediccionNumero.py:583] - Fold 1: Accuracy = 18.39%, Top-3 = 37.90%
2025-11-29 10:14:27 - lotto_predictor - INFO - [prediccionNumero.py:583] - Fold 2: Accuracy = 17.58%, Top-3 = 41.45%
2025-11-29 10:14:27 - lotto_predictor - INFO - [prediccionNumero.py:583] - Fold 3: Accuracy = 21.45%, Top-3 = 41.13%
2025-11-29 10:14:27 - lotto_predictor - INFO - [prediccionNumero.py:583] - Fold 4: Accuracy = 17.42%, Top-3 = 39.03%
2025-11-29 10:14:28 - lotto_predictor - INFO - [prediccionNumero.py:583] - Fold 5: Accuracy = 17.42%, Top-3 = 39.03%
2025-11-29 10:14:28 - lotto_predictor - INFO - [prediccionNumero.py:595] - Entrenamiento completado: 18.45% accuracy, 39.71% top-3
2025-11-29 10:14:29 - lotto_predictor - INFO - [prediccionNumero.py:636] - Modelo guardado en: modelos/random_forest_20251129_101429
2025-11-29 10:14:42 - lotto_predictor - INFO - [prediccionNumero.py:774] - Ejecutando XGBoost Optimizado
2025-11-29 10:14:42 - lotto_predictor - INFO - [prediccionNumero.py:552] - Iniciando entrenamiento con optimización para xgb
2025-11-29 10:14:42 - lotto_predictor - INFO - [prediccionNumero.py:509] - Iniciando optimización de XGBoost...
2025-11-29 10:15:13 - lotto_predictor - INFO - [prediccionNumero.py:543] - Mejores parámetros XGB: {'classifier__subsample': 0.8, 'classifier__n_estimators': 100, 'classifier__max_depth': 9, 'classifier__learning_rate': 0.2, 'classifier__gamma': 0.1, 'classifier__colsample_bytree': 0.9}
2025-11-29 10:15:13 - lotto_predictor - INFO - [prediccionNumero.py:544] - Mejor score XGB: 0.2521
2025-11-29 10:15:14 - lotto_predictor - INFO - [prediccionNumero.py:583] - Fold 1: Accuracy = 16.94%, Top-3 = 30.00%
2025-11-29 11:05:05 - lotto_predictor - INFO - [prediccionNumero.py:583] - Fold 2: Accuracy = 17.10%, Top-3 = 31.61%
2025-11-29 11:05:05 - lotto_predictor - INFO - [prediccionNumero.py:583] - Fold 3: Accuracy = 17.90%, Top-3 = 31.13%
2025-11-29 11:05:05 - lotto_predictor - INFO - [prediccionNumero.py:583] - Fold 4: Accuracy = 15.97%, Top-3 = 30.97%
2025-11-29 11:05:05 - lotto_predictor - INFO - [prediccionNumero.py:583] - Fold 5: Accuracy = 14.52%, Top-3 = 29.19%
2025-11-29 11:05:05 - lotto_predictor - INFO - [prediccionNumero.py:595] - Entrenamiento completado: 16.48% accuracy, 30.58% top-3
2025-11-29 11:05:05 - lotto_predictor - INFO - [prediccionNumero.py:636] - Modelo guardado en: modelos/xgboost_20251129_110505
2025-11-29 11:05:16 - lotto_predictor - INFO - [prediccionNumero.py:651] - Modelo cargado desde: modelos\xgboost_20251129_110505
2025-11-30 12:22:30 - lotto_predictor - INFO - [prediccionNumero.py:2194] - Nuevo sorteo ingresado y características actualizadas
2025-11-30 12:22:42 - lotto_predictor - INFO - [prediccionNumero.py:2194] - Nuevo sorteo ingresado y características actualizadas
2025-11-30 12:22:52 - lotto_predictor - INFO - [prediccionNumero.py:2194] - Nuevo sorteo ingresado y características actualizadas
2025-11-30 12:23:02 - lotto_predictor - INFO - [prediccionNumero.py:2194] - Nuevo sorteo ingresado y características actualizadas
2025-11-30 12:23:56 - lotto_predictor - INFO - [prediccionNumero.py:2194] - Nuevo sorteo ingresado y características actualizadas
2025-12-05 10:00:07 - lotto_predictor - INFO - [prediccionNumero.py:736] - Ejecutando Random Forest Optimizado
2025-12-05 10:00:07 - lotto_predictor - INFO - [prediccionNumero.py:552] - Iniciando entrenamiento con optimización para rf
2025-12-05 10:00:07 - lotto_predictor - INFO - [prediccionNumero.py:475] - Iniciando optimización de Random Forest...
2025-12-05 10:00:37 - lotto_predictor - INFO - [prediccionNumero.py:502] - Mejores parámetros RF: {'classifier__n_estimators': 150, 'classifier__min_samples_split': 2, 'classifier__min_samples_leaf': 2, 'classifier__max_features': None, 'classifier__max_depth': 20}
2025-12-05 10:00:37 - lotto_predictor - INFO - [prediccionNumero.py:503] - Mejor score RF: 0.3255
2025-12-05 10:00:37 - lotto_predictor - INFO - [prediccionNumero.py:583] - Fold 1: Accuracy = 17.52%, Top-3 = 38.10%
2025-12-05 10:00:37 - lotto_predictor - INFO - [prediccionNumero.py:583] - Fold 2: Accuracy = 18.49%, Top-3 = 41.16%
2025-12-05 10:00:38 - lotto_predictor - INFO - [prediccionNumero.py:583] - Fold 3: Accuracy = 20.74%, Top-3 = 41.48%
2025-12-05 10:00:38 - lotto_predictor - INFO - [prediccionNumero.py:583] - Fold 4: Accuracy = 17.20%, Top-3 = 40.03%
2025-12-05 10:00:38 - lotto_predictor - INFO - [prediccionNumero.py:583] - Fold 5: Accuracy = 16.88%, Top-3 = 39.23%
2025-12-05 10:00:38 - lotto_predictor - INFO - [prediccionNumero.py:595] - Entrenamiento completado: 18.17% accuracy, 40.00% top-3
2025-12-05 10:00:38 - lotto_predictor - INFO - [prediccionNumero.py:636] - Modelo guardado en: modelos/random_forest_20251205_100038
2025-12-05 10:00:43 - lotto_predictor - INFO - [prediccionNumero.py:774] - Ejecutando XGBoost Optimizado
2025-12-05 10:00:43 - lotto_predictor - INFO - [prediccionNumero.py:552] - Iniciando entrenamiento con optimización para xgb
2025-12-05 10:00:43 - lotto_predictor - INFO - [prediccionNumero.py:509] - Iniciando optimización de XGBoost...
2025-12-05 10:01:07 - lotto_predictor - INFO - [prediccionNumero.py:543] - Mejores parámetros XGB: {'classifier__subsample': 0.9, 'classifier__n_estimators': 200, 'classifier__max_depth': 7, 'classifier__learning_rate': 0.2, 'classifier__gamma': 0, 'classifier__colsample_bytree': 0.8}
2025-12-05 10:01:07 - lotto_predictor - INFO - [prediccionNumero.py:544] - Mejor score XGB: 0.2512
2025-12-05 10:01:09 - lotto_predictor - INFO - [prediccionNumero.py:583] - Fold 1: Accuracy = 16.72%, Top-3 = 30.55%
2025-12-05 10:01:09 - lotto_predictor - INFO - [prediccionNumero.py:583] - Fold 2: Accuracy = 17.20%, Top-3 = 31.19%
2025-12-05 10:01:09 - lotto_predictor - INFO - [prediccionNumero.py:583] - Fold 3: Accuracy = 17.52%, Top-3 = 30.71%
2025-12-05 10:01:09 - lotto_predictor - INFO - [prediccionNumero.py:583] - Fold 4: Accuracy = 16.40%, Top-3 = 30.06%
2025-12-05 10:01:09 - lotto_predictor - INFO - [prediccionNumero.py:583] - Fold 5: Accuracy = 15.43%, Top-3 = 28.94%
2025-12-05 10:01:09 - lotto_predictor - INFO - [prediccionNumero.py:595] - Entrenamiento completado: 16.66% accuracy, 30.29% top-3
2025-12-05 10:01:09 - lotto_predictor - INFO - [prediccionNumero.py:636] - Modelo guardado en: modelos/xgboost_20251205_100109
2025-12-05 10:01:20 - lotto_predictor - INFO - [prediccionNumero.py:651] - Modelo cargado desde: modelos\random_forest_20251205_100038
2025-12-06 10:06:01 - lotto_predictor - INFO - [prediccionNumero.py:736] - Ejecutando Random Forest Optimizado
2025-12-06 10:06:01 - lotto_predictor - INFO - [prediccionNumero.py:552] - Iniciando entrenamiento con optimización para rf
2025-12-06 10:06:01 - lotto_predictor - INFO - [prediccionNumero.py:475] - Iniciando optimización de Random Forest...
2025-12-06 10:06:12 - lotto_predictor - INFO - [prediccionNumero.py:502] - Mejores parámetros RF: {'classifier__n_estimators': 150, 'classifier__min_samples_split': 2, 'classifier__min_samples_leaf': 2, 'classifier__max_features': None, 'classifier__max_depth': 20}
2025-12-06 10:06:12 - lotto_predictor - INFO - [prediccionNumero.py:503] - Mejor score RF: 0.3234
2025-12-06 10:06:13 - lotto_predictor - INFO - [prediccionNumero.py:583] - Fold 1: Accuracy = 17.60%, Top-3 = 39.04%
2025-12-06 10:06:13 - lotto_predictor - INFO - [prediccionNumero.py:583] - Fold 2: Accuracy = 18.08%, Top-3 = 41.12%
2025-12-06 10:06:13 - lotto_predictor - INFO - [prediccionNumero.py:583] - Fold 3: Accuracy = 20.64%, Top-3 = 41.76%
2025-12-06 10:06:13 - lotto_predictor - INFO - [prediccionNumero.py:583] - Fold 4: Accuracy = 17.44%, Top-3 = 38.72%
2025-12-06 10:06:13 - lotto_predictor - INFO - [prediccionNumero.py:583] - Fold 5: Accuracy = 17.12%, Top-3 = 39.36%
2025-12-06 10:06:13 - lotto_predictor - INFO - [prediccionNumero.py:595] - Entrenamiento completado: 18.18% accuracy, 40.00% top-3
2025-12-06 10:06:13 - lotto_predictor - INFO - [prediccionNumero.py:636] - Modelo guardado en: modelos/random_forest_20251206_100613
2025-12-06 10:06:15 - lotto_predictor - INFO - [prediccionNumero.py:774] - Ejecutando XGBoost Optimizado
2025-12-06 10:06:15 - lotto_predictor - INFO - [prediccionNumero.py:552] - Iniciando entrenamiento con optimización para xgb
2025-12-06 10:06:15 - lotto_predictor - INFO - [prediccionNumero.py:509] - Iniciando optimización de XGBoost...
2025-12-06 10:06:44 - lotto_predictor - INFO - [prediccionNumero.py:543] - Mejores parámetros XGB: {'classifier__subsample': 0.8, 'classifier__n_estimators': 100, 'classifier__max_depth': 9, 'classifier__learning_rate': 0.2, 'classifier__gamma': 0.1, 'classifier__colsample_bytree': 0.9}
2025-12-06 10:06:44 - lotto_predictor - INFO - [prediccionNumero.py:544] - Mejor score XGB: 0.2558
2025-12-06 10:06:45 - lotto_predictor - INFO - [prediccionNumero.py:583] - Fold 1: Accuracy = 17.12%, Top-3 = 29.60%
2025-12-06 10:06:45 - lotto_predictor - INFO - [prediccionNumero.py:583] - Fold 2: Accuracy = 17.12%, Top-3 = 31.84%
2025-12-06 10:06:45 - lotto_predictor - INFO - [prediccionNumero.py:583] - Fold 3: Accuracy = 16.80%, Top-3 = 30.88%
2025-12-06 10:06:45 - lotto_predictor - INFO - [prediccionNumero.py:583] - Fold 4: Accuracy = 16.48%, Top-3 = 30.08%
2025-12-06 10:06:45 - lotto_predictor - INFO - [prediccionNumero.py:583] - Fold 5: Accuracy = 14.72%, Top-3 = 29.44%
2025-12-06 10:06:45 - lotto_predictor - INFO - [prediccionNumero.py:595] - Entrenamiento completado: 16.45% accuracy, 30.37% top-3
2025-12-06 10:06:45 - lotto_predictor - INFO - [prediccionNumero.py:636] - Modelo guardado en: modelos/xgboost_20251206_100645
2026-05-23 00:22:00 - lotto_predictor - INFO - [prediccionNumero.py:688] - Ejecutando Random Forest Optimizado
2026-05-23 00:22:00 - lotto_predictor - INFO - [prediccionNumero.py:504] - Iniciando entrenamiento con optimizaciĂ³n para rf
2026-05-23 00:22:00 - lotto_predictor - INFO - [prediccionNumero.py:427] - Iniciando optimizaciĂ³n de Random Forest...
2026-05-23 00:22:11 - lotto_predictor - INFO - [prediccionNumero.py:726] - Ejecutando XGBoost Optimizado
2026-05-23 00:22:12 - lotto_predictor - INFO - [prediccionNumero.py:504] - Iniciando entrenamiento con optimizaciĂ³n para xgb
2026-05-23 00:22:12 - lotto_predictor - INFO - [prediccionNumero.py:461] - Iniciando optimizaciĂ³n de XGBoost...
2026-05-23 00:23:49 - lotto_predictor - INFO - [prediccionNumero.py:454] - Mejores parĂ¡metros RF: {'classifier__n_estimators': 150, 'classifier__min_samples_split': 2, 'classifier__min_samples_leaf': 2, 'classifier__max_features': None, 'classifier__max_depth': 20}
2026-05-23 00:23:49 - lotto_predictor - INFO - [prediccionNumero.py:455] - Mejor score RF: 0.4688
2026-05-23 00:23:52 - lotto_predictor - INFO - [prediccionNumero.py:535] - Fold 1: Accuracy = 33.19%, Top-3 = 62.66%
2026-05-23 00:23:52 - lotto_predictor - INFO - [prediccionNumero.py:535] - Fold 2: Accuracy = 32.31%, Top-3 = 65.12%
2026-05-23 00:23:53 - lotto_predictor - INFO - [prediccionNumero.py:535] - Fold 3: Accuracy = 32.18%, Top-3 = 66.37%
2026-05-23 00:23:54 - lotto_predictor - INFO - [prediccionNumero.py:535] - Fold 4: Accuracy = 33.56%, Top-3 = 65.74%
2026-05-23 00:23:54 - lotto_predictor - INFO - [prediccionNumero.py:535] - Fold 5: Accuracy = 32.62%, Top-3 = 65.37%
2026-05-23 00:23:54 - lotto_predictor - INFO - [prediccionNumero.py:547] - Entrenamiento completado: 32.77% accuracy, 65.05% top-3
2026-05-23 00:23:57 - lotto_predictor - INFO - [prediccionNumero.py:588] - Modelo guardado en: modelos/random_forest_20260523_002357
2026-05-23 00:24:32 - lotto_predictor - INFO - [prediccionNumero.py:495] - Mejores parĂ¡metros XGB: {'classifier__subsample': 0.8, 'classifier__n_estimators': 100, 'classifier__max_depth': 9, 'classifier__learning_rate': 0.2, 'classifier__gamma': 0.1, 'classifier__colsample_bytree': 0.9}
2026-05-23 00:24:32 - lotto_predictor - INFO - [prediccionNumero.py:496] - Mejor score XGB: 0.3907
2026-05-23 00:24:37 - lotto_predictor - INFO - [prediccionNumero.py:535] - Fold 1: Accuracy = 25.58%, Top-3 = 49.15%
2026-05-23 00:24:37 - lotto_predictor - INFO - [prediccionNumero.py:535] - Fold 2: Accuracy = 24.76%, Top-3 = 51.04%
2026-05-23 00:24:37 - lotto_predictor - INFO - [prediccionNumero.py:535] - Fold 3: Accuracy = 26.08%, Top-3 = 50.91%
2026-05-23 00:24:37 - lotto_predictor - INFO - [prediccionNumero.py:535] - Fold 4: Accuracy = 25.71%, Top-3 = 49.72%
2026-05-23 00:24:38 - lotto_predictor - INFO - [prediccionNumero.py:535] - Fold 5: Accuracy = 26.08%, Top-3 = 50.79%
2026-05-23 00:24:38 - lotto_predictor - INFO - [prediccionNumero.py:547] - Entrenamiento completado: 25.64% accuracy, 50.32% top-3
2026-05-23 00:24:38 - lotto_predictor - INFO - [prediccionNumero.py:588] - Modelo guardado en: modelos/xgboost_20260523_002438
2026-05-23 00:43:26 - lotto_predictor - INFO - [prediccionNumero.py:715] - Ejecutando Random Forest Optimizado
2026-05-23 00:43:30 - lotto_predictor - INFO - [prediccionNumero.py:531] - Iniciando entrenamiento con optimizaciĂ³n para rf
2026-05-23 00:43:30 - lotto_predictor - INFO - [prediccionNumero.py:454] - Iniciando optimizaciĂ³n de Random Forest...
2026-05-23 00:44:14 - lotto_predictor - INFO - [prediccionNumero.py:481] - Mejores parĂ¡metros RF: {'classifier__n_estimators': 150, 'classifier__min_samples_split': 5, 'classifier__min_samples_leaf': 2, 'classifier__max_features': 'sqrt', 'classifier__max_depth': 20}
2026-05-23 00:44:14 - lotto_predictor - INFO - [prediccionNumero.py:482] - Mejor score RF: 0.6379
2026-05-23 00:44:15 - lotto_predictor - INFO - [prediccionNumero.py:562] - Fold 1: Accuracy = 38.65%, Top-3 = 64.17%
2026-05-23 00:44:15 - lotto_predictor - INFO - [prediccionNumero.py:562] - Fold 2: Accuracy = 38.21%, Top-3 = 63.29%
2026-05-23 00:44:15 - lotto_predictor - INFO - [prediccionNumero.py:562] - Fold 3: Accuracy = 38.34%, Top-3 = 62.73%
2026-05-23 00:44:15 - lotto_predictor - INFO - [prediccionNumero.py:562] - Fold 4: Accuracy = 39.91%, Top-3 = 62.23%
2026-05-23 00:44:16 - lotto_predictor - INFO - [prediccionNumero.py:562] - Fold 5: Accuracy = 36.64%, Top-3 = 60.65%
2026-05-23 00:44:16 - lotto_predictor - INFO - [prediccionNumero.py:574] - Entrenamiento completado: 38.35% accuracy, 62.61% top-3
2026-05-23 00:44:16 - lotto_predictor - INFO - [prediccionNumero.py:615] - Modelo guardado en: modelos/random_forest_20260523_004416
2026-05-23 00:44:16 - lotto_predictor - INFO - [prediccionNumero.py:753] - Ejecutando XGBoost Optimizado
2026-05-23 00:44:20 - lotto_predictor - INFO - [prediccionNumero.py:531] - Iniciando entrenamiento con optimizaciĂ³n para xgb
2026-05-23 00:44:20 - lotto_predictor - INFO - [prediccionNumero.py:488] - Iniciando optimizaciĂ³n de XGBoost...
2026-05-23 00:45:35 - lotto_predictor - INFO - [prediccionNumero.py:715] - Ejecutando Random Forest Optimizado
2026-05-23 00:45:39 - lotto_predictor - INFO - [prediccionNumero.py:531] - Iniciando entrenamiento con optimizaciĂ³n para rf
2026-05-23 00:45:39 - lotto_predictor - INFO - [prediccionNumero.py:454] - Iniciando optimizaciĂ³n de Random Forest...
2026-05-23 00:46:23 - lotto_predictor - INFO - [prediccionNumero.py:481] - Mejores parĂ¡metros RF: {'classifier__n_estimators': 150, 'classifier__min_samples_split': 5, 'classifier__min_samples_leaf': 2, 'classifier__max_features': 'sqrt', 'classifier__max_depth': 20}
2026-05-23 00:46:23 - lotto_predictor - INFO - [prediccionNumero.py:482] - Mejor score RF: 0.6379
2026-05-23 00:46:24 - lotto_predictor - INFO - [prediccionNumero.py:562] - Fold 1: Accuracy = 38.65%, Top-3 = 64.17%
2026-05-23 00:46:24 - lotto_predictor - INFO - [prediccionNumero.py:562] - Fold 2: Accuracy = 38.21%, Top-3 = 63.29%
2026-05-23 00:46:25 - lotto_predictor - INFO - [prediccionNumero.py:562] - Fold 3: Accuracy = 38.34%, Top-3 = 62.73%
2026-05-23 00:46:25 - lotto_predictor - INFO - [prediccionNumero.py:562] - Fold 4: Accuracy = 39.91%, Top-3 = 62.23%
2026-05-23 00:46:25 - lotto_predictor - INFO - [prediccionNumero.py:562] - Fold 5: Accuracy = 36.64%, Top-3 = 60.65%
2026-05-23 00:46:25 - lotto_predictor - INFO - [prediccionNumero.py:574] - Entrenamiento completado: 38.35% accuracy, 62.61% top-3
2026-05-23 00:46:25 - lotto_predictor - INFO - [prediccionNumero.py:615] - Modelo guardado en: modelos/random_forest_20260523_004625
2026-05-23 00:46:25 - lotto_predictor - INFO - [prediccionNumero.py:753] - Ejecutando XGBoost Optimizado
2026-05-23 00:46:29 - lotto_predictor - INFO - [prediccionNumero.py:531] - Iniciando entrenamiento con optimizaciĂ³n para xgb
2026-05-23 00:46:29 - lotto_predictor - INFO - [prediccionNumero.py:488] - Iniciando optimizaciĂ³n de XGBoost...
2026-05-23 00:48:46 - lotto_predictor - INFO - [prediccionNumero.py:522] - Mejores parĂ¡metros XGB: {'classifier__subsample': 0.9, 'classifier__n_estimators': 200, 'classifier__max_depth': 7, 'classifier__learning_rate': 0.2, 'classifier__gamma': 0, 'classifier__colsample_bytree': 0.8}
2026-05-23 00:48:46 - lotto_predictor - INFO - [prediccionNumero.py:523] - Mejor score XGB: 0.8560
2026-05-23 00:49:00 - lotto_predictor - INFO - [prediccionNumero.py:562] - Fold 1: Accuracy = 56.38%, Top-3 = 75.80%
2026-05-23 00:49:00 - lotto_predictor - INFO - [prediccionNumero.py:562] - Fold 2: Accuracy = 57.20%, Top-3 = 75.80%
2026-05-23 00:49:00 - lotto_predictor - INFO - [prediccionNumero.py:562] - Fold 3: Accuracy = 56.32%, Top-3 = 75.36%
2026-05-23 00:49:01 - lotto_predictor - INFO - [prediccionNumero.py:562] - Fold 4: Accuracy = 55.44%, Top-3 = 75.11%
2026-05-23 00:49:01 - lotto_predictor - INFO - [prediccionNumero.py:562] - Fold 5: Accuracy = 54.93%, Top-3 = 74.98%
2026-05-23 00:49:01 - lotto_predictor - INFO - [prediccionNumero.py:574] - Entrenamiento completado: 56.05% accuracy, 75.41% top-3
2026-05-23 00:49:02 - lotto_predictor - INFO - [prediccionNumero.py:615] - Modelo guardado en: modelos/xgboost_20260523_004902
2026-05-23 07:44:56 - lotto_predictor - INFO - [prediccionNumero.py:630] - Modelo cargado desde: modelos/random_forest_20260523_004625
2026-05-23 07:44:56 - lotto_predictor - INFO - [prediccionNumero.py:630] - Modelo cargado desde: modelos/xgboost_20260523_004902
2026-05-23 07:48:51 - lotto_predictor - INFO - [prediccionNumero.py:630] - Modelo cargado desde: modelos/random_forest_20260523_004625
2026-05-23 07:48:52 - lotto_predictor - INFO - [prediccionNumero.py:630] - Modelo cargado desde: modelos/xgboost_20260523_004902
2026-05-23 07:49:15 - lotto_predictor - INFO - [prediccionNumero.py:630] - Modelo cargado desde: modelos/random_forest_20260523_004625
2026-05-23 07:49:15 - lotto_predictor - INFO - [prediccionNumero.py:630] - Modelo cargado desde: modelos/xgboost_20260523_004902
2026-05-23 07:55:55 - lotto_predictor - INFO - [prediccionNumero.py:632] - Modelo cargado desde: modelos/random_forest_20260523_004625
2026-05-23 07:56:44 - lotto_predictor - INFO - [prediccionNumero.py:632] - Modelo cargado desde: modelos/random_forest_20260523_004625
2026-05-23 08:02:10 - lotto_predictor - INFO - [prediccionNumero.py:632] - Modelo cargado desde: modelos/random_forest_20260523_004625
2026-05-23 08:02:50 - lotto_predictor - INFO - [prediccionNumero.py:632] - Modelo cargado desde: modelos/random_forest_20260523_004625
2026-05-23 08:03:39 - lotto_predictor - INFO - [prediccionNumero.py:632] - Modelo cargado desde: modelos/random_forest_20260523_004625
2026-05-23 08:04:13 - lotto_predictor - INFO - [prediccionNumero.py:632] - Modelo cargado desde: modelos/random_forest_20260523_004625
2026-05-23 08:04:35 - lotto_predictor - INFO - [prediccionNumero.py:632] - Modelo cargado desde: modelos/random_forest_20260523_004625
2026-05-23 08:05:07 - lotto_predictor - INFO - [prediccionNumero.py:632] - Modelo cargado desde: modelos/random_forest_20260523_004625
2026-05-23 08:05:24 - lotto_predictor - INFO - [prediccionNumero.py:632] - Modelo cargado desde: modelos/random_forest_20260523_004625
2026-05-23 08:06:24 - lotto_predictor - INFO - [prediccionNumero.py:632] - Modelo cargado desde: modelos/random_forest_20260523_004625
2026-05-23 08:07:17 - lotto_predictor - INFO - [prediccionNumero.py:632] - Modelo cargado desde: modelos/random_forest_20260523_004625
2026-05-23 08:07:44 - lotto_predictor - INFO - [prediccionNumero.py:632] - Modelo cargado desde: modelos/random_forest_20260523_004625
2026-05-23 08:12:11 - lotto_predictor - INFO - [prediccionNumero.py:632] - Modelo cargado desde: modelos/random_forest_20260523_004625
2026-05-23 08:12:11 - lotto_predictor - INFO - [prediccionNumero.py:632] - Modelo cargado desde: modelos/xgboost_20260523_004902
2026-05-23 08:23:08 - lotto_predictor - INFO - [prediccionNumero.py:632] - Modelo cargado desde: modelos/random_forest_20260523_004625
2026-05-23 08:23:08 - lotto_predictor - INFO - [prediccionNumero.py:632] - Modelo cargado desde: modelos/xgboost_20260523_004902
2026-05-23 08:47:51 - lotto_predictor - INFO - [prediccionNumero.py:549] - Modelo cargado desde: modelos/random_forest_20260523_004625
2026-05-23 08:59:41 - lotto_predictor - INFO - [prediccionNumero.py:561] - Modelo cargado desde: modelos/random_forest_20260523_004625
2026-05-23 08:59:41 - lotto_predictor - INFO - [prediccionNumero.py:561] - Modelo cargado desde: modelos/xgboost_20260523_004902
2026-05-23 09:09:34 - lotto_predictor - INFO - [prediccionNumero.py:561] - Modelo cargado desde: modelos/random_forest_20260523_004625
2026-05-23 09:09:34 - lotto_predictor - INFO - [prediccionNumero.py:561] - Modelo cargado desde: modelos/xgboost_20260523_004902
2026-05-23 09:14:32 - lotto_predictor - INFO - [prediccionNumero.py:561] - Modelo cargado desde: modelos/random_forest_20260523_004625
2026-05-23 09:14:32 - lotto_predictor - INFO - [prediccionNumero.py:561] - Modelo cargado desde: modelos/xgboost_20260523_004902
2026-05-23 09:16:24 - lotto_predictor - INFO - [prediccionNumero.py:603] - Ejecutando Random Forest Optimizado
2026-05-23 09:16:27 - lotto_predictor - INFO - [prediccionNumero.py:462] - Iniciando entrenamiento con optimizaciĂ³n para rf
2026-05-23 09:16:27 - lotto_predictor - INFO - [prediccionNumero.py:385] - Iniciando optimizaciĂ³n de Random Forest...
2026-05-23 09:17:06 - lotto_predictor - INFO - [prediccionNumero.py:412] - Mejores parĂ¡metros RF: {'classifier__n_estimators': 150, 'classifier__min_samples_split': 5, 'classifier__min_samples_leaf': 2, 'classifier__max_features': 'sqrt', 'classifier__max_depth': 20}
2026-05-23 09:17:06 - lotto_predictor - INFO - [prediccionNumero.py:413] - Mejor score RF: 0.6400
2026-05-23 09:17:06 - lotto_predictor - INFO - [prediccionNumero.py:493] - Fold 1: Accuracy = 38.97%, Top-3 = 64.24%
2026-05-23 09:17:07 - lotto_predictor - INFO - [prediccionNumero.py:493] - Fold 2: Accuracy = 38.59%, Top-3 = 63.86%
2026-05-23 09:17:07 - lotto_predictor - INFO - [prediccionNumero.py:493] - Fold 3: Accuracy = 39.09%, Top-3 = 62.92%
2026-05-23 09:17:07 - lotto_predictor - INFO - [prediccionNumero.py:493] - Fold 4: Accuracy = 40.48%, Top-3 = 62.41%
2026-05-23 09:17:07 - lotto_predictor - INFO - [prediccionNumero.py:493] - Fold 5: Accuracy = 37.40%, Top-3 = 61.03%
2026-05-23 09:17:07 - lotto_predictor - INFO - [prediccionNumero.py:505] - Entrenamiento completado: 38.91% accuracy, 62.89% top-3
2026-05-23 09:17:08 - lotto_predictor - INFO - [prediccionNumero.py:546] - Modelo guardado en: modelos/random_forest_20260523_091708
2026-05-23 09:17:08 - lotto_predictor - INFO - [prediccionNumero.py:561] - Modelo cargado desde: modelos/random_forest_20260523_091708
2026-05-23 09:53:31 - lotto_predictor - INFO - [prediccionNumero.py:561] - Modelo cargado desde: modelos/random_forest_20260523_091708
2026-05-23 09:53:31 - lotto_predictor - INFO - [prediccionNumero.py:561] - Modelo cargado desde: modelos/xgboost_20260523_004902
2026-05-23 10:48:05 - lotto_predictor - INFO - [prediccionNumero.py:561] - Modelo cargado desde: modelos/random_forest_20260523_091708
2026-05-23 10:48:05 - lotto_predictor - INFO - [prediccionNumero.py:561] - Modelo cargado desde: modelos/xgboost_20260523_004902
2026-05-23 11:01:55 - lotto_predictor - INFO - [prediccionNumero.py:561] - Modelo cargado desde: modelos/random_forest_20260523_091708
2026-05-23 11:01:55 - lotto_predictor - INFO - [prediccionNumero.py:561] - Modelo cargado desde: modelos/xgboost_20260523_004902
2026-05-23 11:42:43 - lotto_predictor - INFO - [prediccionNumero.py:561] - Modelo cargado desde: modelos/random_forest_20260523_091708
2026-05-23 11:42:44 - lotto_predictor - INFO - [prediccionNumero.py:561] - Modelo cargado desde: modelos/xgboost_20260523_004902
2026-05-23 11:42:55 - lotto_predictor - INFO - [prediccionNumero.py:561] - Modelo cargado desde: modelos/random_forest_20260523_091708
2026-05-23 11:42:56 - lotto_predictor - INFO - [prediccionNumero.py:561] - Modelo cargado desde: modelos/xgboost_20260523_004902
2026-05-23 12:23:20 - lotto_predictor - INFO - [prediccionNumero.py:561] - Modelo cargado desde: modelos/random_forest_20260523_091708
2026-05-23 12:23:20 - lotto_predictor - INFO - [prediccionNumero.py:561] - Modelo cargado desde: modelos/xgboost_20260523_004902
2026-05-23 13:10:12 - lotto_predictor - INFO - [prediccionNumero.py:603] - Ejecutando Random Forest Optimizado
2026-05-23 13:10:16 - lotto_predictor - INFO - [prediccionNumero.py:462] - Iniciando entrenamiento con optimizaciĂ³n para rf
2026-05-23 13:10:16 - lotto_predictor - INFO - [prediccionNumero.py:385] - Iniciando optimizaciĂ³n de Random Forest...
2026-05-23 13:10:59 - lotto_predictor - INFO - [prediccionNumero.py:412] - Mejores parĂ¡metros RF: {'classifier__n_estimators': 150, 'classifier__min_samples_split': 5, 'classifier__min_samples_leaf': 2, 'classifier__max_features': 'sqrt', 'classifier__max_depth': 20}
2026-05-23 13:10:59 - lotto_predictor - INFO - [prediccionNumero.py:413] - Mejor score RF: 0.6312
2026-05-23 13:11:00 - lotto_predictor - INFO - [prediccionNumero.py:493] - Fold 1: Accuracy = 38.25%, Top-3 = 61.87%
2026-05-23 13:11:00 - lotto_predictor - INFO - [prediccionNumero.py:493] - Fold 2: Accuracy = 38.94%, Top-3 = 62.19%
2026-05-23 13:11:00 - lotto_predictor - INFO - [prediccionNumero.py:493] - Fold 3: Accuracy = 39.01%, Top-3 = 62.12%
2026-05-23 13:11:00 - lotto_predictor - INFO - [prediccionNumero.py:493] - Fold 4: Accuracy = 39.20%, Top-3 = 62.56%
2026-05-23 13:11:00 - lotto_predictor - INFO - [prediccionNumero.py:493] - Fold 5: Accuracy = 37.63%, Top-3 = 62.25%
2026-05-23 13:11:00 - lotto_predictor - INFO - [prediccionNumero.py:505] - Entrenamiento completado: 38.61% accuracy, 62.20% top-3
2026-05-23 13:11:02 - lotto_predictor - INFO - [prediccionNumero.py:546] - Modelo guardado en: modelos/random_forest_20260523_131101
2026-05-23 13:11:02 - lotto_predictor - INFO - [prediccionNumero.py:561] - Modelo cargado desde: modelos/random_forest_20260523_131101
2026-05-24 08:06:50 - lotto_predictor - INFO - [prediccionNumero.py:561] - Modelo cargado desde: modelos/random_forest_20260523_131101
2026-05-24 08:06:52 - lotto_predictor - INFO - [prediccionNumero.py:561] - Modelo cargado desde: modelos/xgboost_20260523_004902
2026-05-24 15:03:10 - lotto_predictor - INFO - [prediccionNumero.py:561] - Modelo cargado desde: modelos/random_forest_20260523_131101
2026-05-24 15:03:11 - lotto_predictor - INFO - [prediccionNumero.py:561] - Modelo cargado desde: modelos/xgboost_20260523_004902
2026-05-24 15:30:50 - lotto_predictor - INFO - [prediccionNumero.py:641] - Ejecutando XGBoost Optimizado
2026-05-24 15:30:53 - lotto_predictor - INFO - [prediccionNumero.py:462] - Iniciando entrenamiento con optimizaciĂ³n para xgb
2026-05-24 15:30:53 - lotto_predictor - INFO - [prediccionNumero.py:419] - Iniciando optimizaciĂ³n de XGBoost...
2026-05-24 15:32:56 - lotto_predictor - INFO - [prediccionNumero.py:453] - Mejores parĂ¡metros XGB: {'classifier__subsample': 0.9, 'classifier__n_estimators': 200, 'classifier__max_depth': 7, 'classifier__learning_rate': 0.2, 'classifier__gamma': 0, 'classifier__colsample_bytree': 0.8}
2026-05-24 15:32:56 - lotto_predictor - INFO - [prediccionNumero.py:454] - Mejor score XGB: 0.8602
2026-05-24 15:33:01 - lotto_predictor - INFO - [prediccionNumero.py:493] - Fold 1: Accuracy = 58.12%, Top-3 = 78.06%
2026-05-24 15:33:01 - lotto_predictor - INFO - [prediccionNumero.py:493] - Fold 2: Accuracy = 58.31%, Top-3 = 76.68%
2026-05-24 15:33:01 - lotto_predictor - INFO - [prediccionNumero.py:493] - Fold 3: Accuracy = 57.05%, Top-3 = 76.24%
2026-05-24 15:33:02 - lotto_predictor - INFO - [prediccionNumero.py:493] - Fold 4: Accuracy = 55.49%, Top-3 = 76.74%
2026-05-24 15:33:02 - lotto_predictor - INFO - [prediccionNumero.py:493] - Fold 5: Accuracy = 57.05%, Top-3 = 76.30%
2026-05-24 15:33:02 - lotto_predictor - INFO - [prediccionNumero.py:505] - Entrenamiento completado: 57.20% accuracy, 76.80% top-3
2026-05-24 15:33:03 - lotto_predictor - INFO - [prediccionNumero.py:546] - Modelo guardado en: modelos/xgboost_20260524_153303
2026-05-24 15:33:03 - lotto_predictor - INFO - [prediccionNumero.py:561] - Modelo cargado desde: modelos/xgboost_20260524_153303
2026-05-25 17:58:52 - lotto_predictor - INFO - [prediccionNumero.py:561] - Modelo cargado desde: modelos/random_forest_20260523_131101
2026-05-25 17:58:53 - lotto_predictor - INFO - [prediccionNumero.py:561] - Modelo cargado desde: modelos/xgboost_20260524_153303
2026-05-25 17:59:06 - lotto_predictor - INFO - [prediccionNumero.py:561] - Modelo cargado desde: modelos/random_forest_20260523_131101
2026-05-25 17:59:06 - lotto_predictor - INFO - [prediccionNumero.py:561] - Modelo cargado desde: modelos/xgboost_20260524_153303
2026-05-25 18:04:33 - lotto_predictor - INFO - [prediccionNumero.py:641] - Ejecutando XGBoost Optimizado
2026-05-25 18:04:37 - lotto_predictor - INFO - [prediccionNumero.py:462] - Iniciando entrenamiento con optimizaciĂ³n para xgb
2026-05-25 18:04:37 - lotto_predictor - INFO - [prediccionNumero.py:419] - Iniciando optimizaciĂ³n de XGBoost...
2026-05-25 18:06:34 - lotto_predictor - INFO - [prediccionNumero.py:453] - Mejores parĂ¡metros XGB: {'classifier__subsample': 0.9, 'classifier__n_estimators': 200, 'classifier__max_depth': 7, 'classifier__learning_rate': 0.2, 'classifier__gamma': 0, 'classifier__colsample_bytree': 0.8}
2026-05-25 18:06:34 - lotto_predictor - INFO - [prediccionNumero.py:454] - Mejor score XGB: 0.8550
2026-05-25 18:06:40 - lotto_predictor - INFO - [prediccionNumero.py:493] - Fold 1: Accuracy = 57.71%, Top-3 = 77.32%
2026-05-25 18:06:41 - lotto_predictor - INFO - [prediccionNumero.py:493] - Fold 2: Accuracy = 58.58%, Top-3 = 75.88%
2026-05-25 18:06:41 - lotto_predictor - INFO - [prediccionNumero.py:493] - Fold 3: Accuracy = 56.89%, Top-3 = 76.25%
2026-05-25 18:06:41 - lotto_predictor - INFO - [prediccionNumero.py:493] - Fold 4: Accuracy = 55.08%, Top-3 = 76.19%
2026-05-25 18:06:42 - lotto_predictor - INFO - [prediccionNumero.py:493] - Fold 5: Accuracy = 57.08%, Top-3 = 75.63%
2026-05-25 18:06:42 - lotto_predictor - INFO - [prediccionNumero.py:505] - Entrenamiento completado: 57.07% accuracy, 76.25% top-3
2026-05-25 18:06:43 - lotto_predictor - INFO - [prediccionNumero.py:546] - Modelo guardado en: modelos/xgboost_20260525_180642
2026-05-25 18:06:43 - lotto_predictor - INFO - [prediccionNumero.py:561] - Modelo cargado desde: modelos/xgboost_20260525_180642
2026-05-25 22:14:23 - lotto_predictor - INFO - [prediccionNumero.py:641] - Ejecutando XGBoost Optimizado
2026-05-25 22:14:27 - lotto_predictor - INFO - [prediccionNumero.py:462] - Iniciando entrenamiento con optimizaciĂ³n para xgb
2026-05-25 22:14:27 - lotto_predictor - INFO - [prediccionNumero.py:419] - Iniciando optimizaciĂ³n de XGBoost...
2026-05-25 22:16:15 - lotto_predictor - INFO - [prediccionNumero.py:453] - Mejores parĂ¡metros XGB: {'classifier__subsample': 0.9, 'classifier__n_estimators': 200, 'classifier__max_depth': 7, 'classifier__learning_rate': 0.2, 'classifier__gamma': 0, 'classifier__colsample_bytree': 0.8}
2026-05-25 22:16:15 - lotto_predictor - INFO - [prediccionNumero.py:454] - Mejor score XGB: 0.8553
2026-05-25 22:16:20 - lotto_predictor - INFO - [prediccionNumero.py:493] - Fold 1: Accuracy = 57.29%, Top-3 = 77.71%
2026-05-25 22:16:20 - lotto_predictor - INFO - [prediccionNumero.py:493] - Fold 2: Accuracy = 58.61%, Top-3 = 76.46%
2026-05-25 22:16:20 - lotto_predictor - INFO - [prediccionNumero.py:493] - Fold 3: Accuracy = 57.17%, Top-3 = 76.64%
2026-05-25 22:16:21 - lotto_predictor - INFO - [prediccionNumero.py:493] - Fold 4: Accuracy = 55.60%, Top-3 = 76.83%
2026-05-25 22:16:21 - lotto_predictor - INFO - [prediccionNumero.py:493] - Fold 5: Accuracy = 57.80%, Top-3 = 76.27%
2026-05-25 22:16:21 - lotto_predictor - INFO - [prediccionNumero.py:505] - Entrenamiento completado: 57.29% accuracy, 76.78% top-3
2026-05-25 22:16:22 - lotto_predictor - INFO - [prediccionNumero.py:546] - Modelo guardado en: modelos/xgboost_20260525_221622
2026-05-25 22:16:22 - lotto_predictor - INFO - [prediccionNumero.py:561] - Modelo cargado desde: modelos/xgboost_20260525_221622
2026-05-25 22:29:37 - lotto_predictor - INFO - [prediccionNumero.py:561] - Modelo cargado desde: modelos/random_forest_20260523_131101
2026-05-25 22:29:37 - lotto_predictor - INFO - [prediccionNumero.py:561] - Modelo cargado desde: modelos/xgboost_20260525_221622
2026-05-25 22:29:48 - lotto_predictor - INFO - [prediccionNumero.py:603] - Ejecutando Random Forest Optimizado
2026-05-25 22:29:51 - lotto_predictor - INFO - [prediccionNumero.py:462] - Iniciando entrenamiento con optimizaciĂ³n para rf
2026-05-25 22:29:51 - lotto_predictor - INFO - [prediccionNumero.py:385] - Iniciando optimizaciĂ³n de Random Forest...
2026-05-25 22:30:32 - lotto_predictor - INFO - [prediccionNumero.py:412] - Mejores parĂ¡metros RF: {'classifier__n_estimators': 150, 'classifier__min_samples_split': 5, 'classifier__min_samples_leaf': 2, 'classifier__max_features': 'sqrt', 'classifier__max_depth': 20}
2026-05-25 22:30:32 - lotto_predictor - INFO - [prediccionNumero.py:413] - Mejor score RF: 0.6335
2026-05-25 22:30:32 - lotto_predictor - INFO - [prediccionNumero.py:493] - Fold 1: Accuracy = 37.51%, Top-3 = 63.62%
2026-05-25 22:30:33 - lotto_predictor - INFO - [prediccionNumero.py:493] - Fold 2: Accuracy = 37.76%, Top-3 = 62.74%
2026-05-25 22:30:33 - lotto_predictor - INFO - [prediccionNumero.py:493] - Fold 3: Accuracy = 38.26%, Top-3 = 61.62%
2026-05-25 22:30:33 - lotto_predictor - INFO - [prediccionNumero.py:493] - Fold 4: Accuracy = 37.88%, Top-3 = 61.43%
2026-05-25 22:30:33 - lotto_predictor - INFO - [prediccionNumero.py:493] - Fold 5: Accuracy = 37.45%, Top-3 = 61.49%
2026-05-25 22:30:33 - lotto_predictor - INFO - [prediccionNumero.py:505] - Entrenamiento completado: 37.77% accuracy, 62.18% top-3
2026-05-25 22:30:34 - lotto_predictor - INFO - [prediccionNumero.py:546] - Modelo guardado en: modelos/random_forest_20260525_223034
2026-05-25 22:30:34 - lotto_predictor - INFO - [prediccionNumero.py:561] - Modelo cargado desde: modelos/random_forest_20260525_223034
